H           
|           
P           
|           
H           
|           
H           
|           
P           
            
            
            
H           
|           
P           
|           
H           
|           
H-P         
            
            
            
            
            
  H         
  |         
  P         
  |         
  H         
  |         
P-H         
            
            
            
            
            
H           
|           
P           
|           
H-H         
  |         
  P         
            
            
            
            
            
H           
|           
P P         
| |         
H-H         
            
            
            
            
            
            
            
H           
|           
P           
|           
H-H-P       
            
            
            
            
            
            
            
  H         
  |         
  P         
  |         
H-H         
|           
P           
            
            
            
            
            
  H         
  |         
P P         
| |         
H-H         
            
            
            
            
            
            
            
    H       
    |       
    P       
    |       
P-H-H       
            
            
            
            
            
            
            
H           
|           
P-H         
  |         
  H         
  |         
  P         
            
            
            
            
            
H           
|           
P-H         
  |         
  H-P       
            
            
            
            
            
            
            
H           
|           
P-H         
  |         
P-H         
            
            
            
            
            
            
            
  P         
  |         
H H         
| |         
P-H         
            
            
            
            
            
            
            
H H-P       
| |         
P-H         
            
            
            
            
            
            
            
            
            
H           
|           
P-H-H       
    |       
    P       
            
            
            
            
            
            
            
H   P       
|   |       
P-H-H       
            
            
            
            
            
            
            
            
            
H           
|           
P-H-H-P     
            
            
            
            
            
            
            
            
            
  H         
  |         
H-P         
|           
H           
|           
P           
            
            
            
            
            
  H         
  |         
H-P         
|           
H-P         
            
            
            
            
            
            
            
    H       
    |       
  H-P       
  |         
P-H         
            
            
            
            
            
            
            
P           
|           
H H         
| |         
H-P         
            
            
            
            
            
            
            
P-H H       
  | |       
  H-P       
            
            
            
            
            
            
            
            
            
    H       
    |       
H-H-P       
|           
P           
            
            
            
            
            
            
            
P   H       
|   |       
H-H-P       
            
            
            
            
            
            
            
            
            
      H     
      |     
P-H-H-P     
            
            
            
            
            
            
            
            
            
P           
|           
H           
|           
H           
|           
P           
|           
H           
            
            
            
H-P         
|           
H           
|           
P           
|           
H           
            
            
            
            
            
P-H         
  |         
  H         
  |         
  P         
  |         
  H         
            
            
            
            
            
H-H         
| |         
P P         
|           
H           
            
            
            
            
            
            
            
  P         
  |         
H-H         
|           
P           
|           
H           
            
            
            
            
            
H-H-P       
|           
P           
|           
H           
            
            
            
            
            
            
            
H-H         
| |         
P P         
  |         
  H         
            
            
            
            
            
            
            
P           
|           
H-H         
  |         
  P         
  |         
  H         
            
            
            
            
            
P-H-H       
    |       
    P       
    |       
    H       
            
            
            
            
            
            
            
P-H         
| |         
H H         
  |         
  P         
            
            
            
            
            
            
            
P-H         
| |         
H H-P       
            
            
            
            
            
            
            
            
            
  P         
  |         
  H         
  |         
P-H         
|           
H           
            
            
            
            
            
  H-P       
  |         
P-H         
|           
H           
            
            
            
            
            
            
            
P-H         
  |         
P-H         
|           
H           
            
            
            
            
            
            
            
P-H-H       
|   |       
H   P       
            
            
            
            
            
            
            
            
            
    P       
    |       
P-H-H       
|           
H           
            
            
            
            
            
            
            
P-H-H-P     
|           
H           
            
            
            
            
            
            
            
            
            
H-P         
| |         
H H         
|           
P           
            
            
            
            
            
            
            
  H-P       
  | |       
P-H H       
            
            
            
            
            
            
            
            
            
P           
|           
H           
|           
H-P         
  |         
  H         
            
            
            
            
            
H-P         
|           
H-P         
  |         
  H         
            
            
            
            
            
            
            
P-H         
  |         
  H-P       
    |       
    H       
            
            
            
            
            
            
            
H-H-P       
|   |       
P   H       
            
            
            
            
            
            
            
            
            
P           
|           
H-H-P       
    |       
    H       
            
            
            
            
            
            
            
P-H-H-P     
      |     
      H     
            
            
            
            
            
            
            
            
            
H-P         
  |         
  H         
  |         
  H         
  |         
  P         
            
            
            
            
            
H-P         
  |         
  H         
  |         
  H-P       
            
            
            
            
            
            
            
H-P         
  |         
  H         
  |         
P-H         
            
            
            
            
            
            
            
H-P         
  |         
  H-H       
    |       
    P       
            
            
            
            
            
            
            
H-P P       
  | |       
  H-H       
            
            
            
            
            
            
            
            
            
H-P         
  |         
  H-H-P     
            
            
            
            
            
            
            
            
            
H-P         
  |         
H-H         
|           
P           
            
            
            
            
            
            
            
  H-P       
    |       
P-H-H       
            
            
            
            
            
            
            
            
            
  P         
  |         
  H         
  |         
  H         
  |         
H-P         
            
            
            
            
            
  H-P       
  |         
  H         
  |         
H-P         
            
            
            
            
            
            
            
P-H         
  |         
  H         
  |         
H-P         
            
            
            
            
            
            
            
  H-H       
  | |       
H-P P       
            
            
            
            
            
            
            
            
            
    P       
    |       
  H-H       
  |         
H-P         
            
            
            
            
            
            
            
  H-H-P     
  |         
H-P         
            
            
            
            
            
            
            
            
            
P           
|           
H-H         
  |         
H-P         
            
            
            
            
            
            
            
P-H-H       
    |       
  H-P       
            
            
            
            
            
            
            
            
            
H-P-H       
    |       
    H       
    |       
    P       
            
            
            
            
            
            
            
H-P-H       
    |       
    H-P     
            
            
            
            
            
            
            
            
            
H-P-H       
    |       
  P-H       
            
            
            
            
            
            
            
            
            
    P       
    |       
    H       
    |       
H-P-H       
            
            
            
            
            
            
            
    H-P     
    |       
H-P-H       
            
            
            
            
            
            
            
            
            
  P-H       
    |       
H-P-H       
            
            
            
            
            
            
            
            
            
H-P-H-H     
      |     
      P     
            
            
            
            
            
            
            
            
            
      P     
      |     
H-P-H-H     
            
            
            
            
            
            
            
            
            
H-P-H-H-P   
            
            
            
            
            
            
            
            
            
            
            
P-H         
|           
H           
|           
H           
|           
P           
            
            
            
            
            
P-H         
|           
H           
|           
H-P         
            
            
            
            
            
            
            
  P-H       
  |         
  H         
  |         
P-H         
            
            
            
            
            
            
            
P-H         
|           
H-H         
  |         
  P         
            
            
            
            
            
            
            
P-H         
|           
H-H-P       
            
            
            
            
            
            
            
            
            
  P-H       
  |         
H-H         
|           
P           
            
            
            
            
            
            
            
P P-H       
| |         
H-H         
            
            
            
            
            
            
            
            
            
    P-H     
    |       
P-H-H       
            
            
            
            
            
            
            
            
            
P           
|           
H           
|           
H           
|           
P-H         
            
            
            
            
            
H-P         
|           
H           
|           
P-H         
            
            
            
            
            
            
            
P-H         
  |         
  H         
  |         
  P-H       
            
            
            
            
            
            
            
  P         
  |         
H-H         
|           
P-H         
            
            
            
            
            
            
            
H-H-P       
|           
P-H         
            
            
            
            
            
            
            
            
            
H-H         
| |         
P P-H       
            
            
            
            
            
            
            
            
            
P           
|           
H-H         
  |         
  P-H       
            
            
            
            
            
            
            
P-H-H       
    |       
    P-H     
            
            
            
            
            
            
            
            
            
H-P-H       
|           
H           
|           
P           
            
            
            
            
            
            
            
H-P-H       
|           
H-P         
            
            
            
            
            
            
            
            
            
  H-P-H     
  |         
P-H         
            
            
            
            
            
            
            
            
            
P           
|           
H           
|           
H-P-H       
            
            
            
            
            
            
            
H-P         
|           
H-P-H       
            
            
            
            
            
            
            
            
            
P-H         
  |         
  H-P-H     
            
            
            
            
            
            
            
            
            
H-H-P-H     
|           
P           
            
            
            
            
            
            
            
            
            
P           
|           
H-H-P-H     
            
            
            
            
            
            
            
            
            
P-H-H-P-H   
            
            
            
            
            
            
            
            
            
            
            
  P         
  |         
H H         
| |         
P-H         
            
            
            
            
            
            
            
Score 2.0
