H           
|           
H           
|           
H           
|           
H           
|           
H           
            
            
            
H           
|           
H           
|           
H           
|           
H-H         
            
            
            
            
            
  H         
  |         
  H         
  |         
  H         
  |         
H-H         
            
            
            
            
            
H           
|           
H           
|           
H-H         
  |         
  H         
            
            
            
            
            
H           
|           
H H         
| |         
H-H         
            
            
            
            
            
            
            
H           
|           
H           
|           
H-H-H       
            
            
            
            
            
            
            
  H         
  |         
  H         
  |         
H-H         
|           
H           
            
            
            
            
            
  H         
  |         
H H         
| |         
H-H         
            
            
            
            
            
            
            
    H       
    |       
    H       
    |       
H-H-H       
            
            
            
            
            
            
            
H           
|           
H-H         
  |         
  H         
  |         
  H         
            
            
            
            
            
H           
|           
H-H         
  |         
  H-H       
            
            
            
            
            
            
            
H           
|           
H-H         
  |         
H-H         
            
            
            
            
            
            
            
  H         
  |         
H H         
| |         
H-H         
            
            
            
            
            
            
            
H H-H       
| |         
H-H         
            
            
            
            
            
            
            
            
            
H           
|           
H-H-H       
    |       
    H       
            
            
            
            
            
            
            
H   H       
|   |       
H-H-H       
            
            
            
            
            
            
            
            
            
H           
|           
H-H-H-H     
            
            
            
            
            
            
            
            
            
  H         
  |         
H-H         
|           
H           
|           
H           
            
            
            
            
            
  H         
  |         
H-H         
|           
H-H         
            
            
            
            
            
            
            
    H       
    |       
  H-H       
  |         
H-H         
            
            
            
            
            
            
            
H           
|           
H H         
| |         
H-H         
            
            
            
            
            
            
            
H-H H       
  | |       
  H-H       
            
            
            
            
            
            
            
            
            
    H       
    |       
H-H-H       
|           
H           
            
            
            
            
            
            
            
H   H       
|   |       
H-H-H       
            
            
            
            
            
            
            
            
            
      H     
      |     
H-H-H-H     
            
            
            
            
            
            
            
            
            
H           
|           
H           
|           
H           
|           
H           
|           
H           
            
            
            
H-H         
|           
H           
|           
H           
|           
H           
            
            
            
            
            
H-H         
  |         
  H         
  |         
  H         
  |         
  H         
            
            
            
            
            
H-H         
| |         
H H         
|           
H           
            
            
            
            
            
            
            
  H         
  |         
H-H         
|           
H           
|           
H           
            
            
            
            
            
H-H-H       
|           
H           
|           
H           
            
            
            
            
            
            
            
H-H         
| |         
H H         
  |         
  H         
            
            
            
            
            
            
            
H           
|           
H-H         
  |         
  H         
  |         
  H         
            
            
            
            
            
H-H-H       
    |       
    H       
    |       
    H       
            
            
            
            
            
            
            
H-H         
| |         
H H         
  |         
  H         
            
            
            
            
            
            
            
H-H         
| |         
H H-H       
            
            
            
            
            
            
            
            
            
  H         
  |         
  H         
  |         
H-H         
|           
H           
            
            
            
            
            
  H-H       
  |         
H-H         
|           
H           
            
            
            
            
            
            
            
H-H         
  |         
H-H         
|           
H           
            
            
            
            
            
            
            
H-H-H       
|   |       
H   H       
            
            
            
            
            
            
            
            
            
    H       
    |       
H-H-H       
|           
H           
            
            
            
            
            
            
            
H-H-H-H     
|           
H           
            
            
            
            
            
            
            
            
            
H-H         
| |         
H H         
|           
H           
            
            
            
            
            
            
            
  H-H       
  | |       
H-H H       
            
            
            
            
            
            
            
            
            
H           
|           
H           
|           
H-H         
  |         
  H         
            
            
            
            
            
H-H         
|           
H-H         
  |         
  H         
            
            
            
            
            
            
            
H-H         
  |         
  H-H       
    |       
    H       
            
            
            
            
            
            
            
H-H-H       
|   |       
H   H       
            
            
            
            
            
            
            
            
            
H           
|           
H-H-H       
    |       
    H       
            
            
            
            
            
            
            
H-H-H-H     
      |     
      H     
            
            
            
            
            
            
            
            
            
H-H         
  |         
  H         
  |         
  H         
  |         
  H         
            
            
            
            
            
H-H         
  |         
  H         
  |         
  H-H       
            
            
            
            
            
            
            
H-H         
  |         
  H         
  |         
H-H         
            
            
            
            
            
            
            
H-H         
  |         
  H-H       
    |       
    H       
            
            
            
            
            
            
            
H-H H       
  | |       
  H-H       
            
            
            
            
            
            
            
            
            
H-H         
  |         
  H-H-H     
            
            
            
            
            
            
            
            
            
H-H         
  |         
H-H         
|           
H           
            
            
            
            
            
            
            
  H-H       
    |       
H-H-H       
            
            
            
            
            
            
            
            
            
  H         
  |         
  H         
  |         
  H         
  |         
H-H         
            
            
            
            
            
  H-H       
  |         
  H         
  |         
H-H         
            
            
            
            
            
            
            
H-H         
  |         
  H         
  |         
H-H         
            
            
            
            
            
            
            
  H-H       
  | |       
H-H H       
            
            
            
            
            
            
            
            
            
    H       
    |       
  H-H       
  |         
H-H         
            
            
            
            
            
            
            
  H-H-H     
  |         
H-H         
            
            
            
            
            
            
            
            
            
H           
|           
H-H         
  |         
H-H         
            
            
            
            
            
            
            
H-H-H       
    |       
  H-H       
            
            
            
            
            
            
            
            
            
H-H-H       
    |       
    H       
    |       
    H       
            
            
            
            
            
            
            
H-H-H       
    |       
    H-H     
            
            
            
            
            
            
            
            
            
H-H-H       
    |       
  H-H       
            
            
            
            
            
            
            
            
            
    H       
    |       
    H       
    |       
H-H-H       
            
            
            
            
            
            
            
    H-H     
    |       
H-H-H       
            
            
            
            
            
            
            
            
            
  H-H       
    |       
H-H-H       
            
            
            
            
            
            
            
            
            
H-H-H-H     
      |     
      H     
            
            
            
            
            
            
            
            
            
      H     
      |     
H-H-H-H     
            
            
            
            
            
            
            
            
            
H-H-H-H-H   
            
            
            
            
            
            
            
            
            
            
            
H-H         
|           
H           
|           
H           
|           
H           
            
            
            
            
            
H-H         
|           
H           
|           
H-H         
            
            
            
            
            
            
            
  H-H       
  |         
  H         
  |         
H-H         
            
            
            
            
            
            
            
H-H         
|           
H-H         
  |         
  H         
            
            
            
            
            
            
            
H-H         
|           
H-H-H       
            
            
            
            
            
            
            
            
            
  H-H       
  |         
H-H         
|           
H           
            
            
            
            
            
            
            
H H-H       
| |         
H-H         
            
            
            
            
            
            
            
            
            
    H-H     
    |       
H-H-H       
            
            
            
            
            
            
            
            
            
H           
|           
H           
|           
H           
|           
H-H         
            
            
            
            
            
H-H         
|           
H           
|           
H-H         
            
            
            
            
            
            
            
H-H         
  |         
  H         
  |         
  H-H       
            
            
            
            
            
            
            
  H         
  |         
H-H         
|           
H-H         
            
            
            
            
            
            
            
H-H-H       
|           
H-H         
            
            
            
            
            
            
            
            
            
H-H         
| |         
H H-H       
            
            
            
            
            
            
            
            
            
H           
|           
H-H         
  |         
  H-H       
            
            
            
            
            
            
            
H-H-H       
    |       
    H-H     
            
            
            
            
            
            
            
            
            
H-H-H       
|           
H           
|           
H           
            
            
            
            
            
            
            
H-H-H       
|           
H-H         
            
            
            
            
            
            
            
            
            
  H-H-H     
  |         
H-H         
            
            
            
            
            
            
            
            
            
H           
|           
H           
|           
H-H-H       
            
            
            
            
            
            
            
H-H         
|           
H-H-H       
            
            
            
            
            
            
            
            
            
H-H         
  |         
  H-H-H     
            
            
            
            
            
            
            
            
            
H-H-H-H     
|           
H           
            
            
            
            
            
            
            
            
            
H           
|           
H-H-H-H     
            
            
            
            
            
            
            
            
            
H-H-H-H-H   
            
            
            
            
            
            
            
            
            
            
            
H           
|           
H H         
| |         
H-H         
            
            
            
            
            
            
            
Score 5
