P           
|           
P           
|           
P           
|           
P           
|           
P           
            
            
            
P           
|           
P           
|           
P           
|           
P-P         
            
            
            
            
            
  P         
  |         
  P         
  |         
  P         
  |         
P-P         
            
            
            
            
            
P           
|           
P           
|           
P-P         
  |         
  P         
            
            
            
            
            
P           
|           
P P         
| |         
P-P         
            
            
            
            
            
            
            
P           
|           
P           
|           
P-P-P       
            
            
            
            
            
            
            
  P         
  |         
  P         
  |         
P-P         
|           
P           
            
            
            
            
            
  P         
  |         
P P         
| |         
P-P         
            
            
            
            
            
            
            
    P       
    |       
    P       
    |       
P-P-P       
            
            
            
            
            
            
            
P           
|           
P-P         
  |         
  P         
  |         
  P         
            
            
            
            
            
P           
|           
P-P         
  |         
  P-P       
            
            
            
            
            
            
            
P           
|           
P-P         
  |         
P-P         
            
            
            
            
            
            
            
  P         
  |         
P P         
| |         
P-P         
            
            
            
            
            
            
            
P P-P       
| |         
P-P         
            
            
            
            
            
            
            
            
            
P           
|           
P-P-P       
    |       
    P       
            
            
            
            
            
            
            
P   P       
|   |       
P-P-P       
            
            
            
            
            
            
            
            
            
P           
|           
P-P-P-P     
            
            
            
            
            
            
            
            
            
  P         
  |         
P-P         
|           
P           
|           
P           
            
            
            
            
            
  P         
  |         
P-P         
|           
P-P         
            
            
            
            
            
            
            
    P       
    |       
  P-P       
  |         
P-P         
            
            
            
            
            
            
            
P           
|           
P P         
| |         
P-P         
            
            
            
            
            
            
            
P-P P       
  | |       
  P-P       
            
            
            
            
            
            
            
            
            
    P       
    |       
P-P-P       
|           
P           
            
            
            
            
            
            
            
P   P       
|   |       
P-P-P       
            
            
            
            
            
            
            
            
            
      P     
      |     
P-P-P-P     
            
            
            
            
            
            
            
            
            
P           
|           
P           
|           
P           
|           
P           
|           
P           
            
            
            
P-P         
|           
P           
|           
P           
|           
P           
            
            
            
            
            
P-P         
  |         
  P         
  |         
  P         
  |         
  P         
            
            
            
            
            
P-P         
| |         
P P         
|           
P           
            
            
            
            
            
            
            
  P         
  |         
P-P         
|           
P           
|           
P           
            
            
            
            
            
P-P-P       
|           
P           
|           
P           
            
            
            
            
            
            
            
P-P         
| |         
P P         
  |         
  P         
            
            
            
            
            
            
            
P           
|           
P-P         
  |         
  P         
  |         
  P         
            
            
            
            
            
P-P-P       
    |       
    P       
    |       
    P       
            
            
            
            
            
            
            
P-P         
| |         
P P         
  |         
  P         
            
            
            
            
            
            
            
P-P         
| |         
P P-P       
            
            
            
            
            
            
            
            
            
  P         
  |         
  P         
  |         
P-P         
|           
P           
            
            
            
            
            
  P-P       
  |         
P-P         
|           
P           
            
            
            
            
            
            
            
P-P         
  |         
P-P         
|           
P           
            
            
            
            
            
            
            
P-P-P       
|   |       
P   P       
            
            
            
            
            
            
            
            
            
    P       
    |       
P-P-P       
|           
P           
            
            
            
            
            
            
            
P-P-P-P     
|           
P           
            
            
            
            
            
            
            
            
            
P-P         
| |         
P P         
|           
P           
            
            
            
            
            
            
            
  P-P       
  | |       
P-P P       
            
            
            
            
            
            
            
            
            
P           
|           
P           
|           
P-P         
  |         
  P         
            
            
            
            
            
P-P         
|           
P-P         
  |         
  P         
            
            
            
            
            
            
            
P-P         
  |         
  P-P       
    |       
    P       
            
            
            
            
            
            
            
P-P-P       
|   |       
P   P       
            
            
            
            
            
            
            
            
            
P           
|           
P-P-P       
    |       
    P       
            
            
            
            
            
            
            
P-P-P-P     
      |     
      P     
            
            
            
            
            
            
            
            
            
P-P         
  |         
  P         
  |         
  P         
  |         
  P         
            
            
            
            
            
P-P         
  |         
  P         
  |         
  P-P       
            
            
            
            
            
            
            
P-P         
  |         
  P         
  |         
P-P         
            
            
            
            
            
            
            
P-P         
  |         
  P-P       
    |       
    P       
            
            
            
            
            
            
            
P-P P       
  | |       
  P-P       
            
            
            
            
            
            
            
            
            
P-P         
  |         
  P-P-P     
            
            
            
            
            
            
            
            
            
P-P         
  |         
P-P         
|           
P           
            
            
            
            
            
            
            
  P-P       
    |       
P-P-P       
            
            
            
            
            
            
            
            
            
  P         
  |         
  P         
  |         
  P         
  |         
P-P         
            
            
            
            
            
  P-P       
  |         
  P         
  |         
P-P         
            
            
            
            
            
            
            
P-P         
  |         
  P         
  |         
P-P         
            
            
            
            
            
            
            
  P-P       
  | |       
P-P P       
            
            
            
            
            
            
            
            
            
    P       
    |       
  P-P       
  |         
P-P         
            
            
            
            
            
            
            
  P-P-P     
  |         
P-P         
            
            
            
            
            
            
            
            
            
P           
|           
P-P         
  |         
P-P         
            
            
            
            
            
            
            
P-P-P       
    |       
  P-P       
            
            
            
            
            
            
            
            
            
P-P-P       
    |       
    P       
    |       
    P       
            
            
            
            
            
            
            
P-P-P       
    |       
    P-P     
            
            
            
            
            
            
            
            
            
P-P-P       
    |       
  P-P       
            
            
            
            
            
            
            
            
            
    P       
    |       
    P       
    |       
P-P-P       
            
            
            
            
            
            
            
    P-P     
    |       
P-P-P       
            
            
            
            
            
            
            
            
            
  P-P       
    |       
P-P-P       
            
            
            
            
            
            
            
            
            
P-P-P-P     
      |     
      P     
            
            
            
            
            
            
            
            
            
      P     
      |     
P-P-P-P     
            
            
            
            
            
            
            
            
            
P-P-P-P-P   
            
            
            
            
            
            
            
            
            
            
            
P-P         
|           
P           
|           
P           
|           
P           
            
            
            
            
            
P-P         
|           
P           
|           
P-P         
            
            
            
            
            
            
            
  P-P       
  |         
  P         
  |         
P-P         
            
            
            
            
            
            
            
P-P         
|           
P-P         
  |         
  P         
            
            
            
            
            
            
            
P-P         
|           
P-P-P       
            
            
            
            
            
            
            
            
            
  P-P       
  |         
P-P         
|           
P           
            
            
            
            
            
            
            
P P-P       
| |         
P-P         
            
            
            
            
            
            
            
            
            
    P-P     
    |       
P-P-P       
            
            
            
            
            
            
            
            
            
P           
|           
P           
|           
P           
|           
P-P         
            
            
            
            
            
P-P         
|           
P           
|           
P-P         
            
            
            
            
            
            
            
P-P         
  |         
  P         
  |         
  P-P       
            
            
            
            
            
            
            
  P         
  |         
P-P         
|           
P-P         
            
            
            
            
            
            
            
P-P-P       
|           
P-P         
            
            
            
            
            
            
            
            
            
P-P         
| |         
P P-P       
            
            
            
            
            
            
            
            
            
P           
|           
P-P         
  |         
  P-P       
            
            
            
            
            
            
            
P-P-P       
    |       
    P-P     
            
            
            
            
            
            
            
            
            
P-P-P       
|           
P           
|           
P           
            
            
            
            
            
            
            
P-P-P       
|           
P-P         
            
            
            
            
            
            
            
            
            
  P-P-P     
  |         
P-P         
            
            
            
            
            
            
            
            
            
P           
|           
P           
|           
P-P-P       
            
            
            
            
            
            
            
P-P         
|           
P-P-P       
            
            
            
            
            
            
            
            
            
P-P         
  |         
  P-P-P     
            
            
            
            
            
            
            
            
            
P-P-P-P     
|           
P           
            
            
            
            
            
            
            
            
            
P           
|           
P-P-P-P     
            
            
            
            
            
            
            
            
            
P-P-P-P-P   
            
            
            
            
            
            
            
            
            
            
            
P           
|           
P           
|           
P           
|           
P           
|           
P           
            
            
            
Score 0
