H       
|       
P       
|       
H       
        
        
        
H       
|       
P-H     
        
        
        
        
        
  H     
  |     
H-P     
        
        
        
        
        
H       
|       
P       
|       
H       
        
        
        
P-H     
|       
H       
        
        
        
        
        
H-P     
  |     
  H     
        
        
        
        
        
H-P     
  |     
  H     
        
        
        
        
        
  H     
  |     
H-P     
        
        
        
        
        
H-P-H   
        
        
        
        
        
        
        
P-H     
|       
H       
        
        
        
        
        
H       
|       
P-H     
        
        
        
        
        
H-P-H   
        
        
        
        
        
        
        
H       
|       
P       
|       
H       
        
        
        
Score 0
